2023-10-05 18:38:49,825 - INFO - ----------10_05_18_38_49---------------
2023-10-05 18:38:49,825 - INFO - ----------start training---------------
2023-10-05 18:38:49,825 - INFO - feature number: 5
2023-10-05 18:38:49,825 - INFO - filter type: los
2023-10-05 18:38:49,825 - INFO - epoches number: 1
2023-10-05 18:38:49,825 - INFO - initial learning rate: 0.01
2023-10-05 18:38:49,825 - INFO - epoch: 0 start, learning rate: 0.01
2023-10-05 18:40:38,652 - INFO - epoch: 0 end, loss: 2.165040471051251
2023-10-05 18:40:54,221 - INFO - epoch: 0 validation, acc: 0.6014876869215926, loss: 2.1533369740644157
2023-10-05 18:40:54,222 - INFO - epoch: 0 model saved
2023-10-06 00:22:21,640 - INFO - ----------10_06_00_22_21---------------
2023-10-06 00:22:21,640 - INFO - ----------start training---------------
2023-10-06 00:22:21,640 - INFO - feature number: 5
2023-10-06 00:22:21,640 - INFO - feature type: FR_EMB
2023-10-06 00:22:21,640 - INFO - filter type: los
2023-10-06 00:22:21,640 - INFO - epoches number: 100
2023-10-06 00:22:21,640 - INFO - initial learning rate: 0.01
2023-10-06 00:22:21,641 - INFO - epoch: 0 start, learning rate: 0.01
2023-10-06 00:24:41,420 - INFO - epoch: 0 end, loss: 2.164917721156646
2023-10-06 00:25:06,507 - INFO - epoch: 0 validation, acc: 0.6014876869215917, loss: 2.1533369740644157
2023-10-06 00:25:06,508 - INFO - epoch: 0 model saved
2023-10-06 00:25:06,508 - INFO - epoch: 1 start, learning rate: 0.01
2023-10-06 00:27:17,532 - INFO - epoch: 1 end, loss: 2.164413949925232
2023-10-06 00:27:38,075 - INFO - epoch: 1 validation, acc: 0.6014876869215915, loss: 2.1533369740644157
2023-10-06 00:27:38,076 - INFO - epoch: 1 model saved
2023-10-06 00:27:38,076 - INFO - epoch: 2 start, learning rate: 0.01
2023-10-06 00:30:00,332 - INFO - epoch: 2 end, loss: 2.1644139539489267
2023-10-06 00:30:26,122 - INFO - epoch: 2 validation, acc: 0.6014876869215912, loss: 2.1533369740644157
2023-10-06 00:30:26,123 - INFO - epoch: 2 model saved
2023-10-06 00:30:26,123 - INFO - epoch: 3 start, learning rate: 0.01
2023-10-06 00:32:48,405 - INFO - epoch: 3 end, loss: 2.164413946933855
2023-10-06 00:33:14,195 - INFO - epoch: 3 validation, acc: 0.6014876869215918, loss: 2.1533369740644157
2023-10-06 00:33:14,196 - INFO - epoch: 3 model saved
2023-10-06 00:33:14,196 - INFO - epoch: 4 start, learning rate: 0.01
2023-10-06 00:35:35,885 - INFO - epoch: 4 end, loss: 2.164413946933855
2023-10-06 00:36:01,504 - INFO - epoch: 4 validation, acc: 0.6014876869215919, loss: 2.1533369740644157
2023-10-06 00:36:01,505 - INFO - epoch: 4 model saved
2023-10-06 00:36:01,505 - INFO - epoch: 5 start, learning rate: 0.01
2023-10-06 00:38:22,189 - INFO - epoch: 5 end, loss: 2.164413946933855
2023-10-06 00:38:47,765 - INFO - epoch: 5 validation, acc: 0.6014876869215916, loss: 2.1533369740644157
2023-10-06 00:38:47,766 - INFO - epoch: 5 model saved
2023-10-06 00:38:47,766 - INFO - epoch: 6 start, learning rate: 0.01
2023-10-06 00:41:10,583 - INFO - epoch: 6 end, loss: 2.164413946933855
2023-10-06 00:41:36,477 - INFO - epoch: 6 validation, acc: 0.6014876869215918, loss: 2.1533369740644157
2023-10-06 00:41:36,478 - INFO - epoch: 6 model saved
2023-10-06 00:41:36,478 - INFO - epoch: 7 start, learning rate: 0.01
2023-10-06 00:43:59,528 - INFO - epoch: 7 end, loss: 2.164413946945586
2023-10-06 00:44:25,353 - INFO - epoch: 7 validation, acc: 0.6014876869215923, loss: 2.1533369740644157
2023-10-06 00:44:25,353 - INFO - epoch: 7 model saved
2023-10-06 00:44:25,354 - INFO - epoch: 8 start, learning rate: 0.01
2023-10-06 00:46:47,089 - INFO - epoch: 8 end, loss: 2.164413946933855
2023-10-06 00:47:12,830 - INFO - epoch: 8 validation, acc: 0.6014876869215922, loss: 2.1533369740644157
2023-10-06 00:47:12,831 - INFO - epoch: 8 model saved
2023-10-06 00:47:12,831 - INFO - epoch: 9 start, learning rate: 0.01
2023-10-06 00:49:34,415 - INFO - epoch: 9 end, loss: 2.164413946933855
2023-10-06 00:50:01,505 - INFO - epoch: 9 validation, acc: 0.6014876869215918, loss: 2.1533369740644157
2023-10-06 00:50:01,506 - INFO - epoch: 9 model saved
2023-10-06 00:50:01,506 - INFO - epoch: 10 start, learning rate: 0.01
2023-10-06 00:52:24,144 - INFO - epoch: 10 end, loss: 2.164413946933855
2023-10-06 00:52:43,691 - INFO - epoch: 10 validation, acc: 0.6014876869215919, loss: 2.1533369740644157
2023-10-06 00:52:43,692 - INFO - epoch: 10 model saved
2023-10-06 00:52:43,692 - INFO - epoch: 11 start, learning rate: 0.01
2023-10-06 00:55:10,944 - INFO - epoch: 11 end, loss: 2.164413946933855
2023-10-06 00:55:36,287 - INFO - epoch: 11 validation, acc: 0.6014876869215908, loss: 2.1533369740644157
2023-10-06 00:55:36,288 - INFO - epoch: 11 model saved
2023-10-06 00:55:36,288 - INFO - epoch: 12 start, learning rate: 0.001
2023-10-06 00:58:01,697 - INFO - epoch: 12 end, loss: 2.164413946933855
2023-10-06 00:58:27,079 - INFO - epoch: 12 validation, acc: 0.6014876869215922, loss: 2.1533369740644157
2023-10-06 00:58:27,080 - INFO - epoch: 12 model saved
2023-10-06 00:58:27,080 - INFO - epoch: 13 start, learning rate: 0.001
2023-10-06 01:00:56,361 - INFO - epoch: 13 end, loss: 2.164413946933855
2023-10-06 01:01:22,156 - INFO - epoch: 13 validation, acc: 0.6014876869215917, loss: 2.1533369740644157
2023-10-06 01:01:22,157 - INFO - epoch: 13 model saved
2023-10-06 01:01:22,157 - INFO - epoch: 14 start, learning rate: 0.001
2023-10-06 01:03:51,962 - INFO - epoch: 14 end, loss: 2.164413946933855
2023-10-06 01:04:17,260 - INFO - epoch: 14 validation, acc: 0.6014876869215916, loss: 2.1533369740644157
2023-10-06 01:04:17,261 - INFO - epoch: 14 model saved
2023-10-06 01:04:17,261 - INFO - epoch: 15 start, learning rate: 0.001
2023-10-06 01:06:42,254 - INFO - epoch: 15 end, loss: 2.164413946933855
2023-10-06 01:07:07,675 - INFO - epoch: 15 validation, acc: 0.6014876869215915, loss: 2.1533369740644157
2023-10-06 01:07:07,675 - INFO - epoch: 15 model saved
2023-10-06 01:07:07,675 - INFO - epoch: 16 start, learning rate: 0.001
2023-10-06 01:09:33,354 - INFO - epoch: 16 end, loss: 2.164413946933855
2023-10-06 01:09:58,845 - INFO - epoch: 16 validation, acc: 0.6014876869215917, loss: 2.1533369740644157
2023-10-06 01:09:58,845 - INFO - epoch: 16 model saved
2023-10-06 01:09:58,845 - INFO - epoch: 17 start, learning rate: 0.001
2023-10-06 01:12:27,914 - INFO - epoch: 17 end, loss: 2.164413946933855
2023-10-06 01:12:53,319 - INFO - epoch: 17 validation, acc: 0.6014876869215915, loss: 2.1533369740644157
2023-10-06 01:12:53,319 - INFO - epoch: 17 model saved
2023-10-06 01:12:53,319 - INFO - epoch: 18 start, learning rate: 0.001
2023-10-06 01:15:19,605 - INFO - epoch: 18 end, loss: 2.164413946933855
2023-10-06 01:15:44,881 - INFO - epoch: 18 validation, acc: 0.6014876869215914, loss: 2.1533369740644157
2023-10-06 01:15:44,882 - INFO - epoch: 18 model saved
2023-10-06 01:15:44,882 - INFO - epoch: 19 start, learning rate: 0.001
2023-10-06 01:18:15,305 - INFO - epoch: 19 end, loss: 2.164413946933855
2023-10-06 01:18:42,683 - INFO - epoch: 19 validation, acc: 0.6014876869215916, loss: 2.1533369740644157
2023-10-06 01:18:42,683 - INFO - epoch: 19 model saved
2023-10-06 01:18:42,684 - INFO - epoch: 20 start, learning rate: 0.001
2023-10-06 01:21:03,659 - INFO - epoch: 20 end, loss: 2.164413946933855
2023-10-06 01:21:28,934 - INFO - epoch: 20 validation, acc: 0.6014876869215919, loss: 2.1533369740644157
2023-10-06 01:21:28,935 - INFO - epoch: 20 model saved
2023-10-06 01:21:28,935 - INFO - epoch: 21 start, learning rate: 0.001
2023-10-06 01:23:49,680 - INFO - epoch: 21 end, loss: 2.164413946933855
2023-10-06 01:24:09,435 - INFO - epoch: 21 validation, acc: 0.6014876869215915, loss: 2.1533369740644157
2023-10-06 01:24:09,436 - INFO - epoch: 21 model saved
2023-10-06 01:24:09,436 - INFO - epoch: 22 start, learning rate: 0.001
2023-10-06 01:26:32,611 - INFO - epoch: 22 end, loss: 2.164413946933855
2023-10-06 01:26:52,446 - INFO - epoch: 22 validation, acc: 0.6014876869215912, loss: 2.1533369740644157
2023-10-06 01:26:52,447 - INFO - epoch: 22 model saved
2023-10-06 01:26:52,447 - INFO - epoch: 23 start, learning rate: 0.0001
2023-10-06 01:28:55,012 - INFO - epoch: 23 end, loss: 2.164413946933855
2023-10-06 01:29:17,887 - INFO - epoch: 23 validation, acc: 0.6014876869215918, loss: 2.1533369740644157
2023-10-06 01:29:17,887 - INFO - epoch: 23 model saved
2023-10-06 01:29:17,887 - INFO - epoch: 24 start, learning rate: 0.0001
2023-10-06 01:31:39,273 - INFO - epoch: 24 end, loss: 2.164413946933855
2023-10-06 01:32:06,959 - INFO - epoch: 24 validation, acc: 0.6014876869215916, loss: 2.1533369740644157
2023-10-06 01:32:06,960 - INFO - epoch: 24 model saved
2023-10-06 01:32:06,960 - INFO - epoch: 25 start, learning rate: 0.0001
2023-10-06 01:34:50,543 - INFO - epoch: 25 end, loss: 2.164413946933855
2023-10-06 01:35:17,172 - INFO - epoch: 25 validation, acc: 0.601487686921592, loss: 2.1533369740644157
2023-10-06 01:35:17,173 - INFO - epoch: 25 model saved
2023-10-06 01:35:17,173 - INFO - epoch: 26 start, learning rate: 0.0001
2023-10-06 01:37:57,191 - INFO - epoch: 26 end, loss: 2.164413946933855
2023-10-06 01:38:24,923 - INFO - epoch: 26 validation, acc: 0.601487686921592, loss: 2.1533369740644157
2023-10-06 01:38:24,924 - INFO - epoch: 26 model saved
2023-10-06 01:38:24,924 - INFO - epoch: 27 start, learning rate: 0.0001
2023-10-06 01:41:04,141 - INFO - epoch: 27 end, loss: 2.164413946933855
2023-10-06 01:41:32,529 - INFO - epoch: 27 validation, acc: 0.6014876869215919, loss: 2.1533369740644157
2023-10-06 01:41:32,530 - INFO - epoch: 27 model saved
2023-10-06 01:41:32,530 - INFO - epoch: 28 start, learning rate: 0.0001
2023-10-06 01:44:15,769 - INFO - epoch: 28 end, loss: 2.164413946933855
2023-10-06 01:44:45,848 - INFO - epoch: 28 validation, acc: 0.6014876869215915, loss: 2.1533369740644157
2023-10-06 01:44:45,849 - INFO - epoch: 28 model saved
2023-10-06 01:44:45,849 - INFO - epoch: 29 start, learning rate: 0.0001
2023-10-06 01:47:22,697 - INFO - epoch: 29 end, loss: 2.164413946933855
2023-10-06 01:47:52,289 - INFO - epoch: 29 validation, acc: 0.6014876869215913, loss: 2.1533369740644157
2023-10-06 01:47:52,290 - INFO - epoch: 29 model saved
2023-10-06 01:47:52,290 - INFO - epoch: 30 start, learning rate: 0.0001
2023-10-06 01:50:31,378 - INFO - epoch: 30 end, loss: 2.164413946933855
2023-10-06 01:50:57,892 - INFO - epoch: 30 validation, acc: 0.6014876869215925, loss: 2.1533369740644157
2023-10-06 01:50:57,893 - INFO - epoch: 30 model saved
2023-10-06 01:50:57,893 - INFO - epoch: 31 start, learning rate: 0.0001
2023-10-06 01:53:40,329 - INFO - epoch: 31 end, loss: 2.164413946933855
2023-10-06 01:54:09,795 - INFO - epoch: 31 validation, acc: 0.6014876869215917, loss: 2.1533369740644157
2023-10-06 01:54:09,796 - INFO - epoch: 31 model saved
2023-10-06 01:54:09,796 - INFO - epoch: 32 start, learning rate: 0.0001
2023-10-06 01:56:53,291 - INFO - epoch: 32 end, loss: 2.164413946933855
2023-10-06 01:57:23,735 - INFO - epoch: 32 validation, acc: 0.6014876869215923, loss: 2.1533369740644157
2023-10-06 01:57:23,736 - INFO - epoch: 32 model saved
2023-10-06 01:57:23,736 - INFO - epoch: 33 start, learning rate: 0.0001
2023-10-06 02:00:15,726 - INFO - epoch: 33 end, loss: 2.164413946933855
2023-10-06 02:00:45,787 - INFO - epoch: 33 validation, acc: 0.6014876869215907, loss: 2.1533369740644157
2023-10-06 02:00:45,788 - INFO - epoch: 33 model saved
2023-10-06 02:00:45,788 - INFO - epoch: 34 start, learning rate: 1e-05
2023-10-06 02:03:29,100 - INFO - epoch: 34 end, loss: 2.164413946933855
2023-10-06 02:03:48,153 - INFO - epoch: 34 validation, acc: 0.6014876869215918, loss: 2.1533369740644157
2023-10-06 02:03:48,153 - INFO - epoch: 34 model saved
2023-10-06 02:03:48,154 - INFO - epoch: 35 start, learning rate: 1e-05
2023-10-06 02:05:54,237 - INFO - epoch: 35 end, loss: 2.164413946933855
2023-10-06 02:06:15,104 - INFO - epoch: 35 validation, acc: 0.6014876869215917, loss: 2.1533369740644157
2023-10-06 02:06:15,105 - INFO - epoch: 35 model saved
2023-10-06 02:06:15,105 - INFO - epoch: 36 start, learning rate: 1e-05
2023-10-06 02:08:31,853 - INFO - epoch: 36 end, loss: 2.164413946933855
2023-10-06 02:08:57,076 - INFO - epoch: 36 validation, acc: 0.6014876869215918, loss: 2.1533369740644157
2023-10-06 02:08:57,076 - INFO - epoch: 36 model saved
2023-10-06 02:08:57,076 - INFO - epoch: 37 start, learning rate: 1e-05
2023-10-06 02:11:28,907 - INFO - epoch: 37 end, loss: 2.164413946933855
2023-10-06 02:11:50,993 - INFO - epoch: 37 validation, acc: 0.6014876869215915, loss: 2.1533369740644157
2023-10-06 02:11:50,994 - INFO - epoch: 37 model saved
2023-10-06 02:11:50,994 - INFO - epoch: 38 start, learning rate: 1e-05
2023-10-06 02:14:15,482 - INFO - epoch: 38 end, loss: 2.164413946933855
2023-10-06 02:14:39,808 - INFO - epoch: 38 validation, acc: 0.6014876869215918, loss: 2.1533369740644157
2023-10-06 02:14:39,809 - INFO - epoch: 38 model saved
2023-10-06 02:14:39,809 - INFO - epoch: 39 start, learning rate: 1e-05
2023-10-06 02:17:10,580 - INFO - epoch: 39 end, loss: 2.164413946933855
2023-10-06 02:17:35,014 - INFO - epoch: 39 validation, acc: 0.6014876869215919, loss: 2.1533369740644157
2023-10-06 02:17:35,015 - INFO - epoch: 39 model saved
2023-10-06 02:17:35,015 - INFO - epoch: 40 start, learning rate: 1e-05
2023-10-06 02:19:46,901 - INFO - epoch: 40 end, loss: 2.164413946933855
2023-10-06 02:20:05,804 - INFO - epoch: 40 validation, acc: 0.6014876869215909, loss: 2.1533369740644157
2023-10-06 02:20:05,805 - INFO - epoch: 40 model saved
2023-10-06 02:20:05,805 - INFO - epoch: 41 start, learning rate: 1e-05
2023-10-06 02:22:14,260 - INFO - epoch: 41 end, loss: 2.164413946933855
2023-10-06 02:22:34,229 - INFO - epoch: 41 validation, acc: 0.6014876869215915, loss: 2.1533369740644157
2023-10-06 02:22:34,230 - INFO - epoch: 41 model saved
2023-10-06 02:22:34,230 - INFO - epoch: 42 start, learning rate: 1e-05
2023-10-06 02:24:34,308 - INFO - epoch: 42 end, loss: 2.164413946933855
2023-10-06 02:24:53,038 - INFO - epoch: 42 validation, acc: 0.6014876869215918, loss: 2.1533369740644157
2023-10-06 02:24:53,038 - INFO - epoch: 42 model saved
2023-10-06 02:24:53,038 - INFO - epoch: 43 start, learning rate: 1e-05
2023-10-06 02:26:49,230 - INFO - epoch: 43 end, loss: 2.164413946933855
2023-10-06 02:27:07,684 - INFO - epoch: 43 validation, acc: 0.601487686921592, loss: 2.1533369740644157
2023-10-06 02:27:07,685 - INFO - epoch: 43 model saved
2023-10-06 02:27:07,685 - INFO - epoch: 44 start, learning rate: 1e-05
2023-10-06 02:29:06,913 - INFO - epoch: 44 end, loss: 2.164413946933855
2023-10-06 02:29:25,243 - INFO - epoch: 44 validation, acc: 0.6014876869215916, loss: 2.1533369740644157
2023-10-06 02:29:25,244 - INFO - epoch: 44 model saved
2023-10-06 02:29:25,244 - INFO - epoch: 45 start, learning rate: 1.0000000000000002e-06
2023-10-06 02:31:22,232 - INFO - epoch: 45 end, loss: 2.164413946933855
2023-10-06 02:31:36,864 - INFO - epoch: 45 validation, acc: 0.6014876869215919, loss: 2.1533369740644157
2023-10-06 02:31:36,865 - INFO - epoch: 45 model saved
2023-10-06 02:31:36,865 - INFO - epoch: 46 start, learning rate: 1.0000000000000002e-06
2023-10-06 02:33:14,821 - INFO - epoch: 46 end, loss: 2.164413946933855
2023-10-06 02:33:29,608 - INFO - epoch: 46 validation, acc: 0.6014876869215907, loss: 2.1533369740644157
2023-10-06 02:33:29,609 - INFO - epoch: 46 model saved
2023-10-06 02:33:29,609 - INFO - epoch: 47 start, learning rate: 1.0000000000000002e-06
2023-10-06 02:35:10,896 - INFO - epoch: 47 end, loss: 2.164413946933855
2023-10-06 02:35:28,990 - INFO - epoch: 47 validation, acc: 0.6014876869215928, loss: 2.1533369740644157
2023-10-06 02:35:28,991 - INFO - epoch: 47 model saved
2023-10-06 02:35:28,991 - INFO - epoch: 48 start, learning rate: 1.0000000000000002e-06
2023-10-06 02:37:15,634 - INFO - epoch: 48 end, loss: 2.164413946933855
2023-10-06 02:37:30,346 - INFO - epoch: 48 validation, acc: 0.6014876869215924, loss: 2.1533369740644157
2023-10-06 02:37:30,347 - INFO - epoch: 48 model saved
2023-10-06 02:37:30,347 - INFO - epoch: 49 start, learning rate: 1.0000000000000002e-06
2023-10-06 02:39:09,427 - INFO - epoch: 49 end, loss: 2.164413946933855
2023-10-06 02:39:24,010 - INFO - epoch: 49 validation, acc: 0.6014876869215922, loss: 2.1533369740644157
2023-10-06 02:39:24,011 - INFO - epoch: 49 model saved
2023-10-06 02:39:24,011 - INFO - epoch: 50 start, learning rate: 1.0000000000000002e-06
2023-10-06 02:41:08,923 - INFO - epoch: 50 end, loss: 2.164413946933855
2023-10-06 02:41:23,946 - INFO - epoch: 50 validation, acc: 0.6014876869215914, loss: 2.1533369740644157
2023-10-06 02:41:23,947 - INFO - epoch: 50 model saved
2023-10-06 02:41:23,948 - INFO - epoch: 51 start, learning rate: 1.0000000000000002e-06
2023-10-06 02:43:06,601 - INFO - epoch: 51 end, loss: 2.164413946933855
2023-10-06 02:43:21,894 - INFO - epoch: 51 validation, acc: 0.6014876869215918, loss: 2.1533369740644157
2023-10-06 02:43:21,895 - INFO - epoch: 51 model saved
2023-10-06 02:43:21,895 - INFO - epoch: 52 start, learning rate: 1.0000000000000002e-06
2023-10-06 02:45:09,049 - INFO - epoch: 52 end, loss: 2.164413946933855
2023-10-06 02:45:29,591 - INFO - epoch: 52 validation, acc: 0.6014876869215918, loss: 2.1533369740644157
2023-10-06 02:45:29,592 - INFO - epoch: 52 model saved
2023-10-06 02:45:29,592 - INFO - epoch: 53 start, learning rate: 1.0000000000000002e-06
2023-10-06 02:47:13,288 - INFO - epoch: 53 end, loss: 2.164413946933855
2023-10-06 02:47:29,631 - INFO - epoch: 53 validation, acc: 0.6014876869215915, loss: 2.1533369740644157
2023-10-06 02:47:29,632 - INFO - epoch: 53 model saved
2023-10-06 02:47:29,632 - INFO - epoch: 54 start, learning rate: 1.0000000000000002e-06
2023-10-06 02:49:15,163 - INFO - epoch: 54 end, loss: 2.164413946933855
2023-10-06 02:49:29,735 - INFO - epoch: 54 validation, acc: 0.6014876869215915, loss: 2.1533369740644157
2023-10-06 02:49:29,735 - INFO - epoch: 54 model saved
2023-10-06 02:49:29,735 - INFO - epoch: 55 start, learning rate: 1.0000000000000002e-06
2023-10-06 02:51:09,265 - INFO - epoch: 55 end, loss: 2.164413946933855
2023-10-06 02:51:23,894 - INFO - epoch: 55 validation, acc: 0.6014876869215907, loss: 2.1533369740644157
2023-10-06 02:51:23,894 - INFO - epoch: 55 model saved
2023-10-06 02:51:23,894 - INFO - epoch: 56 start, learning rate: 1.0000000000000002e-07
2023-10-06 02:53:04,793 - INFO - epoch: 56 end, loss: 2.164413946933855
2023-10-06 02:53:24,916 - INFO - epoch: 56 validation, acc: 0.6014876869215917, loss: 2.1533369740644157
2023-10-06 02:53:24,917 - INFO - epoch: 56 model saved
2023-10-06 02:53:24,917 - INFO - epoch: 57 start, learning rate: 1.0000000000000002e-07
2023-10-06 02:55:06,590 - INFO - epoch: 57 end, loss: 2.164413946933855
2023-10-06 02:55:21,247 - INFO - epoch: 57 validation, acc: 0.6014876869215918, loss: 2.1533369740644157
2023-10-06 02:55:21,247 - INFO - epoch: 57 model saved
2023-10-06 02:55:21,247 - INFO - epoch: 58 start, learning rate: 1.0000000000000002e-07
2023-10-06 02:57:01,858 - INFO - epoch: 58 end, loss: 2.164413946933855
2023-10-06 02:57:22,311 - INFO - epoch: 58 validation, acc: 0.6014876869215923, loss: 2.1533369740644157
2023-10-06 02:57:22,312 - INFO - epoch: 58 model saved
2023-10-06 02:57:22,312 - INFO - epoch: 59 start, learning rate: 1.0000000000000002e-07
2023-10-06 02:59:03,174 - INFO - epoch: 59 end, loss: 2.164413946933855
2023-10-06 02:59:17,785 - INFO - epoch: 59 validation, acc: 0.6014876869215916, loss: 2.1533369740644157
2023-10-06 02:59:17,786 - INFO - epoch: 59 model saved
2023-10-06 02:59:17,786 - INFO - epoch: 60 start, learning rate: 1.0000000000000002e-07
2023-10-06 03:01:00,826 - INFO - epoch: 60 end, loss: 2.164413946933855
2023-10-06 03:01:19,188 - INFO - epoch: 60 validation, acc: 0.6014876869215915, loss: 2.1533369740644157
2023-10-06 03:01:19,188 - INFO - epoch: 60 model saved
2023-10-06 03:01:19,188 - INFO - epoch: 61 start, learning rate: 1.0000000000000002e-07
2023-10-06 03:02:57,802 - INFO - epoch: 61 end, loss: 2.164413946933855
2023-10-06 03:03:12,431 - INFO - epoch: 61 validation, acc: 0.6014876869215925, loss: 2.1533369740644157
2023-10-06 03:03:12,432 - INFO - epoch: 61 model saved
2023-10-06 03:03:12,432 - INFO - epoch: 62 start, learning rate: 1.0000000000000002e-07
2023-10-06 03:04:56,869 - INFO - epoch: 62 end, loss: 2.164413946933855
2023-10-06 03:05:11,440 - INFO - epoch: 62 validation, acc: 0.6014876869215922, loss: 2.1533369740644157
2023-10-06 03:05:11,440 - INFO - epoch: 62 model saved
2023-10-06 03:05:11,440 - INFO - epoch: 63 start, learning rate: 1.0000000000000002e-07
2023-10-06 03:06:54,548 - INFO - epoch: 63 end, loss: 2.164413946933855
2023-10-06 03:07:09,082 - INFO - epoch: 63 validation, acc: 0.6014876869215919, loss: 2.1533369740644157
2023-10-06 03:07:09,082 - INFO - epoch: 63 model saved
2023-10-06 03:07:09,082 - INFO - epoch: 64 start, learning rate: 1.0000000000000002e-07
2023-10-06 03:08:49,640 - INFO - epoch: 64 end, loss: 2.164413946933855
2023-10-06 03:09:04,238 - INFO - epoch: 64 validation, acc: 0.6014876869215916, loss: 2.1533369740644157
2023-10-06 03:09:04,239 - INFO - epoch: 64 model saved
2023-10-06 03:09:04,239 - INFO - epoch: 65 start, learning rate: 1.0000000000000002e-07
2023-10-06 03:10:47,093 - INFO - epoch: 65 end, loss: 2.164413946933855
2023-10-06 03:11:01,703 - INFO - epoch: 65 validation, acc: 0.6014876869215919, loss: 2.1533369740644157
2023-10-06 03:11:01,703 - INFO - epoch: 65 model saved
2023-10-06 03:11:01,703 - INFO - epoch: 66 start, learning rate: 1.0000000000000002e-07
2023-10-06 03:12:49,790 - INFO - epoch: 66 end, loss: 2.164413946933855
2023-10-06 03:13:07,913 - INFO - epoch: 66 validation, acc: 0.6014876869215922, loss: 2.1533369740644157
2023-10-06 03:13:07,914 - INFO - epoch: 66 model saved
2023-10-06 03:13:07,914 - INFO - epoch: 67 start, learning rate: 1.0000000000000004e-08
2023-10-06 03:14:52,989 - INFO - epoch: 67 end, loss: 2.164413947027702
2023-10-06 03:15:07,679 - INFO - epoch: 67 validation, acc: 0.6014876869215919, loss: 2.1533369740644157
2023-10-06 03:15:07,680 - INFO - epoch: 67 model saved
2023-10-06 03:15:07,680 - INFO - epoch: 68 start, learning rate: 1.0000000000000004e-08
2023-10-06 03:16:50,208 - INFO - epoch: 68 end, loss: 2.164413946933855
2023-10-06 03:17:04,845 - INFO - epoch: 68 validation, acc: 0.6014876869215918, loss: 2.1533369740644157
2023-10-06 03:17:04,846 - INFO - epoch: 68 model saved
2023-10-06 03:17:04,846 - INFO - epoch: 69 start, learning rate: 1.0000000000000004e-08
2023-10-06 03:18:47,656 - INFO - epoch: 69 end, loss: 2.164413946933855
2023-10-06 03:19:02,338 - INFO - epoch: 69 validation, acc: 0.6014876869215915, loss: 2.1533369740644157
2023-10-06 03:19:02,339 - INFO - epoch: 69 model saved
2023-10-06 03:19:02,339 - INFO - epoch: 70 start, learning rate: 1.0000000000000004e-08
2023-10-06 03:20:46,589 - INFO - epoch: 70 end, loss: 2.164413946933855
2023-10-06 03:21:01,302 - INFO - epoch: 70 validation, acc: 0.6014876869215918, loss: 2.1533369740644157
2023-10-06 03:21:01,303 - INFO - epoch: 70 model saved
2023-10-06 03:21:01,303 - INFO - epoch: 71 start, learning rate: 1.0000000000000004e-08
2023-10-06 03:22:46,245 - INFO - epoch: 71 end, loss: 2.164413946933855
2023-10-06 03:23:00,888 - INFO - epoch: 71 validation, acc: 0.6014876869215915, loss: 2.1533369740644157
2023-10-06 03:23:00,889 - INFO - epoch: 71 model saved
2023-10-06 03:23:00,889 - INFO - epoch: 72 start, learning rate: 1.0000000000000004e-08
2023-10-06 03:24:44,932 - INFO - epoch: 72 end, loss: 2.164413946933855
2023-10-06 03:25:01,606 - INFO - epoch: 72 validation, acc: 0.6014876869215917, loss: 2.1533369740644157
2023-10-06 03:25:01,606 - INFO - epoch: 72 model saved
2023-10-06 03:25:01,606 - INFO - epoch: 73 start, learning rate: 1.0000000000000004e-08
2023-10-06 03:26:46,529 - INFO - epoch: 73 end, loss: 2.164413946933855
2023-10-06 03:27:01,065 - INFO - epoch: 73 validation, acc: 0.6014876869215909, loss: 2.1533369740644157
2023-10-06 03:27:01,065 - INFO - epoch: 73 model saved
2023-10-06 03:27:01,065 - INFO - epoch: 74 start, learning rate: 1.0000000000000004e-08
2023-10-06 03:28:44,567 - INFO - epoch: 74 end, loss: 2.164413946933855
2023-10-06 03:28:59,409 - INFO - epoch: 74 validation, acc: 0.6014876869215915, loss: 2.1533369740644157
2023-10-06 03:28:59,410 - INFO - epoch: 74 model saved
2023-10-06 03:28:59,410 - INFO - epoch: 75 start, learning rate: 1.0000000000000004e-08
2023-10-06 03:30:37,004 - INFO - epoch: 75 end, loss: 2.164413946933855
2023-10-06 03:30:51,617 - INFO - epoch: 75 validation, acc: 0.6014876869215919, loss: 2.1533369740644157
2023-10-06 03:30:51,618 - INFO - epoch: 75 model saved
2023-10-06 03:30:51,618 - INFO - epoch: 76 start, learning rate: 1.0000000000000004e-08
2023-10-06 03:32:34,309 - INFO - epoch: 76 end, loss: 2.164413946933855
2023-10-06 03:32:54,804 - INFO - epoch: 76 validation, acc: 0.6014876869215913, loss: 2.1533369740644157
2023-10-06 03:32:54,804 - INFO - epoch: 76 model saved
2023-10-06 03:32:54,805 - INFO - epoch: 77 start, learning rate: 1.0000000000000004e-08
2023-10-06 03:34:41,154 - INFO - epoch: 77 end, loss: 2.164413946933855
2023-10-06 03:34:55,827 - INFO - epoch: 77 validation, acc: 0.6014876869215918, loss: 2.1533369740644157
2023-10-06 03:34:55,827 - INFO - epoch: 77 model saved
2023-10-06 03:34:55,827 - INFO - epoch: 78 start, learning rate: 1.0000000000000004e-08
2023-10-06 03:36:41,945 - INFO - epoch: 78 end, loss: 2.164413946933855
2023-10-06 03:36:58,332 - INFO - epoch: 78 validation, acc: 0.6014876869215918, loss: 2.1533369740644157
2023-10-06 03:36:58,333 - INFO - epoch: 78 model saved
2023-10-06 03:36:58,333 - INFO - epoch: 79 start, learning rate: 1.0000000000000004e-08
2023-10-06 03:38:41,343 - INFO - epoch: 79 end, loss: 2.164413946957317
2023-10-06 03:38:55,992 - INFO - epoch: 79 validation, acc: 0.6014876869215918, loss: 2.1533369740644157
2023-10-06 03:38:55,993 - INFO - epoch: 79 model saved
2023-10-06 03:38:55,993 - INFO - epoch: 80 start, learning rate: 1.0000000000000004e-08
2023-10-06 03:40:36,985 - INFO - epoch: 80 end, loss: 2.164413946933855
2023-10-06 03:40:51,597 - INFO - epoch: 80 validation, acc: 0.6014876869215919, loss: 2.1533369740644157
2023-10-06 03:40:51,598 - INFO - epoch: 80 model saved
2023-10-06 03:40:51,598 - INFO - epoch: 81 start, learning rate: 1.0000000000000004e-08
2023-10-06 03:42:41,000 - INFO - epoch: 81 end, loss: 2.164413946933855
2023-10-06 03:42:55,814 - INFO - epoch: 81 validation, acc: 0.6014876869215919, loss: 2.1533369740644157
2023-10-06 03:42:55,815 - INFO - epoch: 81 model saved
2023-10-06 03:42:55,815 - INFO - epoch: 82 start, learning rate: 1.0000000000000004e-08
2023-10-06 03:44:39,991 - INFO - epoch: 82 end, loss: 2.164413946933855
2023-10-06 03:44:54,862 - INFO - epoch: 82 validation, acc: 0.6014876869215919, loss: 2.1533369740644157
2023-10-06 03:44:54,862 - INFO - epoch: 82 model saved
2023-10-06 03:44:54,862 - INFO - epoch: 83 start, learning rate: 1.0000000000000004e-08
2023-10-06 03:46:39,806 - INFO - epoch: 83 end, loss: 2.164413946933855
2023-10-06 03:46:54,443 - INFO - epoch: 83 validation, acc: 0.6014876869215917, loss: 2.1533369740644157
2023-10-06 03:46:54,444 - INFO - epoch: 83 model saved
2023-10-06 03:46:54,444 - INFO - epoch: 84 start, learning rate: 1.0000000000000004e-08
2023-10-06 03:48:35,490 - INFO - epoch: 84 end, loss: 2.164413946933855
2023-10-06 03:48:50,662 - INFO - epoch: 84 validation, acc: 0.601487686921592, loss: 2.1533369740644157
2023-10-06 03:48:50,662 - INFO - epoch: 84 model saved
2023-10-06 03:48:50,662 - INFO - epoch: 85 start, learning rate: 1.0000000000000004e-08
2023-10-06 03:50:32,695 - INFO - epoch: 85 end, loss: 2.164413946933855
2023-10-06 03:50:53,257 - INFO - epoch: 85 validation, acc: 0.6014876869215919, loss: 2.1533369740644157
2023-10-06 03:50:53,258 - INFO - epoch: 85 model saved
2023-10-06 03:50:53,258 - INFO - epoch: 86 start, learning rate: 1.0000000000000004e-08
2023-10-06 03:52:37,030 - INFO - epoch: 86 end, loss: 2.164413946933855
2023-10-06 03:52:51,612 - INFO - epoch: 86 validation, acc: 0.6014876869215913, loss: 2.1533369740644157
2023-10-06 03:52:51,612 - INFO - epoch: 86 model saved
2023-10-06 03:52:51,612 - INFO - epoch: 87 start, learning rate: 1.0000000000000004e-08
2023-10-06 03:54:32,582 - INFO - epoch: 87 end, loss: 2.164413946933855
2023-10-06 03:54:47,198 - INFO - epoch: 87 validation, acc: 0.6014876869215915, loss: 2.1533369740644157
2023-10-06 03:54:47,199 - INFO - epoch: 87 model saved
2023-10-06 03:54:47,199 - INFO - epoch: 88 start, learning rate: 1.0000000000000004e-08
2023-10-06 03:56:29,468 - INFO - epoch: 88 end, loss: 2.164413946933855
2023-10-06 03:56:48,134 - INFO - epoch: 88 validation, acc: 0.6014876869215913, loss: 2.1533369740644157
2023-10-06 03:56:48,135 - INFO - epoch: 88 model saved
2023-10-06 03:56:48,135 - INFO - epoch: 89 start, learning rate: 1.0000000000000004e-08
2023-10-06 03:58:25,049 - INFO - epoch: 89 end, loss: 2.164413946933855
2023-10-06 03:58:39,720 - INFO - epoch: 89 validation, acc: 0.6014876869215916, loss: 2.1533369740644157
2023-10-06 03:58:39,720 - INFO - epoch: 89 model saved
2023-10-06 03:58:39,720 - INFO - epoch: 90 start, learning rate: 1.0000000000000004e-08
2023-10-06 04:00:21,247 - INFO - epoch: 90 end, loss: 2.164413946933855
2023-10-06 04:00:35,962 - INFO - epoch: 90 validation, acc: 0.6014876869215912, loss: 2.1533369740644157
2023-10-06 04:00:35,963 - INFO - epoch: 90 model saved
2023-10-06 04:00:35,963 - INFO - epoch: 91 start, learning rate: 1.0000000000000004e-08
2023-10-06 04:02:21,748 - INFO - epoch: 91 end, loss: 2.164413946933855
2023-10-06 04:02:41,915 - INFO - epoch: 91 validation, acc: 0.6014876869215917, loss: 2.1533369740644157
2023-10-06 04:02:41,916 - INFO - epoch: 91 model saved
2023-10-06 04:02:41,916 - INFO - epoch: 92 start, learning rate: 1.0000000000000004e-08
2023-10-06 04:04:25,640 - INFO - epoch: 92 end, loss: 2.164413946933855
2023-10-06 04:04:40,424 - INFO - epoch: 92 validation, acc: 0.6014876869215915, loss: 2.1533369740644157
2023-10-06 04:04:40,425 - INFO - epoch: 92 model saved
2023-10-06 04:04:40,425 - INFO - epoch: 93 start, learning rate: 1.0000000000000004e-08
2023-10-06 04:06:26,264 - INFO - epoch: 93 end, loss: 2.164413946933855
2023-10-06 04:06:40,944 - INFO - epoch: 93 validation, acc: 0.6014876869215915, loss: 2.1533369740644157
2023-10-06 04:06:40,945 - INFO - epoch: 93 model saved
2023-10-06 04:06:40,945 - INFO - epoch: 94 start, learning rate: 1.0000000000000004e-08
2023-10-06 04:08:27,789 - INFO - epoch: 94 end, loss: 2.164413946933855
2023-10-06 04:08:42,424 - INFO - epoch: 94 validation, acc: 0.6014876869215918, loss: 2.1533369740644157
2023-10-06 04:08:42,425 - INFO - epoch: 94 model saved
2023-10-06 04:08:42,425 - INFO - epoch: 95 start, learning rate: 1.0000000000000004e-08
2023-10-06 04:10:20,750 - INFO - epoch: 95 end, loss: 2.164413946933855
2023-10-06 04:10:37,653 - INFO - epoch: 95 validation, acc: 0.6014876869215917, loss: 2.1533369740644157
2023-10-06 04:10:37,654 - INFO - epoch: 95 model saved
2023-10-06 04:10:37,654 - INFO - epoch: 96 start, learning rate: 1.0000000000000004e-08
2023-10-06 04:12:20,580 - INFO - epoch: 96 end, loss: 2.164413946933855
2023-10-06 04:12:35,266 - INFO - epoch: 96 validation, acc: 0.6014876869215923, loss: 2.1533369740644157
2023-10-06 04:12:35,267 - INFO - epoch: 96 model saved
2023-10-06 04:12:35,267 - INFO - epoch: 97 start, learning rate: 1.0000000000000004e-08
2023-10-06 04:14:25,418 - INFO - epoch: 97 end, loss: 2.164413946933855
2023-10-06 04:14:42,181 - INFO - epoch: 97 validation, acc: 0.6014876869215908, loss: 2.1533369740644157
2023-10-06 04:14:42,182 - INFO - epoch: 97 model saved
2023-10-06 04:14:42,182 - INFO - epoch: 98 start, learning rate: 1.0000000000000004e-08
2023-10-06 04:16:43,287 - INFO - epoch: 98 end, loss: 2.164413946933855
2023-10-06 04:16:58,948 - INFO - epoch: 98 validation, acc: 0.6014876869215916, loss: 2.1533369740644157
2023-10-06 04:16:58,948 - INFO - epoch: 98 model saved
2023-10-06 04:16:58,948 - INFO - epoch: 99 start, learning rate: 1.0000000000000004e-08
2023-10-06 04:19:01,706 - INFO - epoch: 99 end, loss: 2.164413946933855
2023-10-06 04:19:17,388 - INFO - epoch: 99 validation, acc: 0.6014876869215916, loss: 2.1533369740644157
2023-10-06 04:19:17,389 - INFO - epoch: 99 model saved
2023-10-06 18:43:42,696 - INFO - ----------10_06_18_43_42---------------
2023-10-06 18:43:42,696 - INFO - ----------start training---------------
2023-10-06 18:43:42,696 - INFO - feature number: 5
2023-10-06 18:43:42,696 - INFO - feature type: FR_EMB
2023-10-06 18:43:42,696 - INFO - filter type: los
2023-10-06 18:43:42,696 - INFO - epoches number: 100
2023-10-06 18:43:42,696 - INFO - initial learning rate: 0.01
2023-10-06 18:43:42,696 - INFO - epoch: 0 start, learning rate: 0.01
