2023-10-05 18:36:15,305 - INFO - ----------10_05_18_36_15---------------
2023-10-05 18:36:15,305 - INFO - ----------start training---------------
2023-10-05 18:36:15,306 - INFO - feature number: 5
2023-10-05 18:36:15,306 - INFO - filter type: los
2023-10-05 18:36:15,306 - INFO - epoches number: 1
2023-10-05 18:36:15,306 - INFO - initial learning rate: 0.01
2023-10-05 18:36:15,306 - INFO - epoch: 0 start, learning rate: 0.01
2023-10-05 18:38:31,245 - INFO - epoch: 0 end, loss: 2.166128297422274
2023-10-05 18:38:46,776 - INFO - epoch: 0 validation, acc: 0.6014876869215923, loss: 2.1533369740644157
2023-10-05 18:38:46,777 - INFO - epoch: 0 model saved
2023-10-05 18:42:40,152 - INFO - ----------10_05_18_42_40---------------
2023-10-05 18:42:40,152 - INFO - ----------start training---------------
2023-10-05 18:42:40,152 - INFO - feature number: 5
2023-10-05 18:42:40,152 - INFO - feature type: FG_EMB
2023-10-05 18:42:40,153 - INFO - filter type: los
2023-10-05 18:42:40,153 - INFO - epoches number: 100
2023-10-05 18:42:40,153 - INFO - initial learning rate: 0.01
2023-10-05 18:42:40,153 - INFO - epoch: 0 start, learning rate: 0.01
2023-10-05 18:44:49,415 - INFO - epoch: 0 end, loss: 2.166153556439246
2023-10-05 18:45:05,041 - INFO - epoch: 0 validation, acc: 0.6014876869215925, loss: 2.1533369740644157
2023-10-05 18:45:05,042 - INFO - epoch: 0 model saved
2023-10-05 18:45:05,042 - INFO - epoch: 1 start, learning rate: 0.01
2023-10-05 18:47:38,967 - INFO - epoch: 1 end, loss: 2.1657268969804173
2023-10-05 18:48:08,401 - INFO - epoch: 1 validation, acc: 0.6014876869215908, loss: 2.1533369740644157
2023-10-05 18:48:08,402 - INFO - epoch: 1 model saved
2023-10-05 18:48:08,402 - INFO - epoch: 2 start, learning rate: 0.01
2023-10-05 18:51:28,567 - INFO - epoch: 2 end, loss: 2.1657268908006206
2023-10-05 18:51:56,904 - INFO - epoch: 2 validation, acc: 0.6014876869215919, loss: 2.1533369740644157
2023-10-05 18:51:56,905 - INFO - epoch: 2 model saved
2023-10-05 18:51:56,905 - INFO - epoch: 3 start, learning rate: 0.01
2023-10-05 18:55:13,546 - INFO - epoch: 3 end, loss: 2.1657268908006206
2023-10-05 18:55:42,092 - INFO - epoch: 3 validation, acc: 0.6014876869215918, loss: 2.1533369740644157
2023-10-05 18:55:42,093 - INFO - epoch: 3 model saved
2023-10-05 18:55:42,093 - INFO - epoch: 4 start, learning rate: 0.01
2023-10-05 18:58:59,391 - INFO - epoch: 4 end, loss: 2.1657268908006206
2023-10-05 18:59:30,646 - INFO - epoch: 4 validation, acc: 0.6014876869215913, loss: 2.1533369740644157
2023-10-05 18:59:30,646 - INFO - epoch: 4 model saved
2023-10-05 18:59:30,646 - INFO - epoch: 5 start, learning rate: 0.01
2023-10-05 19:02:42,984 - INFO - epoch: 5 end, loss: 2.1657268908006206
2023-10-05 19:03:10,503 - INFO - epoch: 5 validation, acc: 0.6014876869215922, loss: 2.1533369740644157
2023-10-05 19:03:10,504 - INFO - epoch: 5 model saved
2023-10-05 19:03:10,504 - INFO - epoch: 6 start, learning rate: 0.01
2023-10-05 19:06:09,493 - INFO - epoch: 6 end, loss: 2.1657268908006206
2023-10-05 19:06:38,337 - INFO - epoch: 6 validation, acc: 0.6014876869215919, loss: 2.1533369740644157
2023-10-05 19:06:38,337 - INFO - epoch: 6 model saved
2023-10-05 19:06:38,338 - INFO - epoch: 7 start, learning rate: 0.01
2023-10-05 19:09:39,227 - INFO - epoch: 7 end, loss: 2.1657268908006206
2023-10-05 19:10:07,625 - INFO - epoch: 7 validation, acc: 0.6014876869215919, loss: 2.1533369740644157
2023-10-05 19:10:07,625 - INFO - epoch: 7 model saved
2023-10-05 19:10:07,625 - INFO - epoch: 8 start, learning rate: 0.01
2023-10-05 19:13:13,661 - INFO - epoch: 8 end, loss: 2.1657268908006206
2023-10-05 19:13:40,951 - INFO - epoch: 8 validation, acc: 0.601487686921591, loss: 2.1533369740644157
2023-10-05 19:13:40,952 - INFO - epoch: 8 model saved
2023-10-05 19:13:40,952 - INFO - epoch: 9 start, learning rate: 0.01
2023-10-05 19:16:37,607 - INFO - epoch: 9 end, loss: 2.1657268908006206
2023-10-05 19:17:04,752 - INFO - epoch: 9 validation, acc: 0.6014876869215922, loss: 2.1533369740644157
2023-10-05 19:17:04,753 - INFO - epoch: 9 model saved
2023-10-05 19:17:04,753 - INFO - epoch: 10 start, learning rate: 0.01
2023-10-05 19:20:03,243 - INFO - epoch: 10 end, loss: 2.1657268908006206
2023-10-05 19:20:33,846 - INFO - epoch: 10 validation, acc: 0.6014876869215918, loss: 2.1533369740644157
2023-10-05 19:20:33,847 - INFO - epoch: 10 model saved
2023-10-05 19:20:33,847 - INFO - epoch: 11 start, learning rate: 0.01
2023-10-05 19:23:31,036 - INFO - epoch: 11 end, loss: 2.1657268908107516
2023-10-05 19:23:58,892 - INFO - epoch: 11 validation, acc: 0.6014876869215916, loss: 2.1533369740644157
2023-10-05 19:23:58,893 - INFO - epoch: 11 model saved
2023-10-05 19:23:58,893 - INFO - epoch: 12 start, learning rate: 0.001
2023-10-05 19:26:56,348 - INFO - epoch: 12 end, loss: 2.1657268908006206
2023-10-05 19:27:24,243 - INFO - epoch: 12 validation, acc: 0.6014876869215916, loss: 2.1533369740644157
2023-10-05 19:27:24,244 - INFO - epoch: 12 model saved
2023-10-05 19:27:24,244 - INFO - epoch: 13 start, learning rate: 0.001
2023-10-05 19:30:20,454 - INFO - epoch: 13 end, loss: 2.1657268908006206
2023-10-05 19:30:49,263 - INFO - epoch: 13 validation, acc: 0.6014876869215925, loss: 2.1533369740644157
2023-10-05 19:30:49,263 - INFO - epoch: 13 model saved
2023-10-05 19:30:49,263 - INFO - epoch: 14 start, learning rate: 0.001
2023-10-05 19:33:46,609 - INFO - epoch: 14 end, loss: 2.1657268908006206
2023-10-05 19:34:13,560 - INFO - epoch: 14 validation, acc: 0.6014876869215919, loss: 2.1533369740644157
2023-10-05 19:34:13,561 - INFO - epoch: 14 model saved
2023-10-05 19:34:13,561 - INFO - epoch: 15 start, learning rate: 0.001
2023-10-05 19:37:04,371 - INFO - epoch: 15 end, loss: 2.165726890820882
2023-10-05 19:37:32,039 - INFO - epoch: 15 validation, acc: 0.6014876869215926, loss: 2.1533369740644157
2023-10-05 19:37:32,039 - INFO - epoch: 15 model saved
2023-10-05 19:37:32,040 - INFO - epoch: 16 start, learning rate: 0.001
2023-10-05 19:40:28,372 - INFO - epoch: 16 end, loss: 2.1657268908107516
2023-10-05 19:40:55,230 - INFO - epoch: 16 validation, acc: 0.6014876869215924, loss: 2.1533369740644157
2023-10-05 19:40:55,231 - INFO - epoch: 16 model saved
2023-10-05 19:40:55,231 - INFO - epoch: 17 start, learning rate: 0.001
2023-10-05 19:43:54,416 - INFO - epoch: 17 end, loss: 2.1657268908006206
2023-10-05 19:44:21,922 - INFO - epoch: 17 validation, acc: 0.6014876869215917, loss: 2.1533369740644157
2023-10-05 19:44:21,923 - INFO - epoch: 17 model saved
2023-10-05 19:44:21,923 - INFO - epoch: 18 start, learning rate: 0.001
2023-10-05 19:47:16,167 - INFO - epoch: 18 end, loss: 2.1657268908006206
2023-10-05 19:47:44,963 - INFO - epoch: 18 validation, acc: 0.6014876869215909, loss: 2.1533369740644157
2023-10-05 19:47:44,964 - INFO - epoch: 18 model saved
2023-10-05 19:47:44,964 - INFO - epoch: 19 start, learning rate: 0.001
2023-10-05 19:50:40,645 - INFO - epoch: 19 end, loss: 2.1657268908006206
2023-10-05 19:51:07,973 - INFO - epoch: 19 validation, acc: 0.6014876869215912, loss: 2.1533369740644157
2023-10-05 19:51:07,974 - INFO - epoch: 19 model saved
2023-10-05 19:51:07,974 - INFO - epoch: 20 start, learning rate: 0.001
2023-10-05 19:54:02,076 - INFO - epoch: 20 end, loss: 2.1657268908006206
2023-10-05 19:54:29,024 - INFO - epoch: 20 validation, acc: 0.6014876869215919, loss: 2.1533369740644157
2023-10-05 19:54:29,025 - INFO - epoch: 20 model saved
2023-10-05 19:54:29,026 - INFO - epoch: 21 start, learning rate: 0.001
2023-10-05 19:57:29,061 - INFO - epoch: 21 end, loss: 2.1657268908006206
2023-10-05 19:57:57,206 - INFO - epoch: 21 validation, acc: 0.6014876869215915, loss: 2.1533369740644157
2023-10-05 19:57:57,207 - INFO - epoch: 21 model saved
2023-10-05 19:57:57,207 - INFO - epoch: 22 start, learning rate: 0.001
2023-10-05 20:00:53,665 - INFO - epoch: 22 end, loss: 2.1657268908006206
2023-10-05 20:01:20,423 - INFO - epoch: 22 validation, acc: 0.601487686921591, loss: 2.1533369740644157
2023-10-05 20:01:20,424 - INFO - epoch: 22 model saved
2023-10-05 20:01:20,424 - INFO - epoch: 23 start, learning rate: 0.0001
2023-10-05 20:04:16,870 - INFO - epoch: 23 end, loss: 2.1657268908006206
2023-10-05 20:04:45,128 - INFO - epoch: 23 validation, acc: 0.6014876869215919, loss: 2.1533369740644157
2023-10-05 20:04:45,129 - INFO - epoch: 23 model saved
2023-10-05 20:04:45,129 - INFO - epoch: 24 start, learning rate: 0.0001
2023-10-05 20:07:44,423 - INFO - epoch: 24 end, loss: 2.1657268908006206
2023-10-05 20:08:11,735 - INFO - epoch: 24 validation, acc: 0.6014876869215912, loss: 2.1533369740644157
2023-10-05 20:08:11,735 - INFO - epoch: 24 model saved
2023-10-05 20:08:11,735 - INFO - epoch: 25 start, learning rate: 0.0001
2023-10-05 20:11:11,715 - INFO - epoch: 25 end, loss: 2.1657268908006206
2023-10-05 20:11:38,773 - INFO - epoch: 25 validation, acc: 0.601487686921592, loss: 2.1533369740644157
2023-10-05 20:11:38,774 - INFO - epoch: 25 model saved
2023-10-05 20:11:38,774 - INFO - epoch: 26 start, learning rate: 0.0001
2023-10-05 20:14:36,317 - INFO - epoch: 26 end, loss: 2.165726890820882
2023-10-05 20:15:03,176 - INFO - epoch: 26 validation, acc: 0.6014876869215913, loss: 2.1533369740644157
2023-10-05 20:15:03,177 - INFO - epoch: 26 model saved
2023-10-05 20:15:03,177 - INFO - epoch: 27 start, learning rate: 0.0001
2023-10-05 20:18:02,096 - INFO - epoch: 27 end, loss: 2.1657268908006206
2023-10-05 20:18:29,142 - INFO - epoch: 27 validation, acc: 0.6014876869215916, loss: 2.1533369740644157
2023-10-05 20:18:29,142 - INFO - epoch: 27 model saved
2023-10-05 20:18:29,142 - INFO - epoch: 28 start, learning rate: 0.0001
2023-10-05 20:21:26,713 - INFO - epoch: 28 end, loss: 2.1657268908006206
2023-10-05 20:21:54,755 - INFO - epoch: 28 validation, acc: 0.6014876869215914, loss: 2.1533369740644157
2023-10-05 20:21:54,755 - INFO - epoch: 28 model saved
2023-10-05 20:21:54,755 - INFO - epoch: 29 start, learning rate: 0.0001
2023-10-05 20:24:55,043 - INFO - epoch: 29 end, loss: 2.1657268908006206
2023-10-05 20:25:22,596 - INFO - epoch: 29 validation, acc: 0.6014876869215918, loss: 2.1533369740644157
2023-10-05 20:25:22,597 - INFO - epoch: 29 model saved
2023-10-05 20:25:22,598 - INFO - epoch: 30 start, learning rate: 0.0001
2023-10-05 20:28:15,998 - INFO - epoch: 30 end, loss: 2.1657268908006206
2023-10-05 20:28:42,378 - INFO - epoch: 30 validation, acc: 0.6014876869215916, loss: 2.1533369740644157
2023-10-05 20:28:42,379 - INFO - epoch: 30 model saved
2023-10-05 20:28:42,379 - INFO - epoch: 31 start, learning rate: 0.0001
2023-10-05 20:31:41,057 - INFO - epoch: 31 end, loss: 2.1657268908006206
2023-10-05 20:32:09,022 - INFO - epoch: 31 validation, acc: 0.6014876869215918, loss: 2.1533369740644157
2023-10-05 20:32:09,023 - INFO - epoch: 31 model saved
2023-10-05 20:32:09,023 - INFO - epoch: 32 start, learning rate: 0.0001
2023-10-05 20:34:58,876 - INFO - epoch: 32 end, loss: 2.1657268908006206
2023-10-05 20:35:27,844 - INFO - epoch: 32 validation, acc: 0.6014876869215922, loss: 2.1533369740644157
2023-10-05 20:35:27,845 - INFO - epoch: 32 model saved
2023-10-05 20:35:27,845 - INFO - epoch: 33 start, learning rate: 0.0001
2023-10-05 20:38:26,202 - INFO - epoch: 33 end, loss: 2.1657268908006206
2023-10-05 20:38:53,140 - INFO - epoch: 33 validation, acc: 0.6014876869215916, loss: 2.1533369740644157
2023-10-05 20:38:53,141 - INFO - epoch: 33 model saved
2023-10-05 20:38:53,141 - INFO - epoch: 34 start, learning rate: 1e-05
2023-10-05 20:41:52,003 - INFO - epoch: 34 end, loss: 2.1657268908006206
2023-10-05 20:42:18,322 - INFO - epoch: 34 validation, acc: 0.6014876869215912, loss: 2.1533369740644157
2023-10-05 20:42:18,322 - INFO - epoch: 34 model saved
2023-10-05 20:42:18,322 - INFO - epoch: 35 start, learning rate: 1e-05
2023-10-05 20:45:10,093 - INFO - epoch: 35 end, loss: 2.1657268908006206
2023-10-05 20:45:37,987 - INFO - epoch: 35 validation, acc: 0.6014876869215907, loss: 2.1533369740644157
2023-10-05 20:45:37,987 - INFO - epoch: 35 model saved
2023-10-05 20:45:37,988 - INFO - epoch: 36 start, learning rate: 1e-05
2023-10-05 20:48:35,588 - INFO - epoch: 36 end, loss: 2.1657268908006206
2023-10-05 20:49:02,353 - INFO - epoch: 36 validation, acc: 0.6014876869215918, loss: 2.1533369740644157
2023-10-05 20:49:02,354 - INFO - epoch: 36 model saved
2023-10-05 20:49:02,354 - INFO - epoch: 37 start, learning rate: 1e-05
2023-10-05 20:51:55,645 - INFO - epoch: 37 end, loss: 2.1657268908006206
2023-10-05 20:52:22,734 - INFO - epoch: 37 validation, acc: 0.6014876869215915, loss: 2.1533369740644157
2023-10-05 20:52:22,734 - INFO - epoch: 37 model saved
2023-10-05 20:52:22,734 - INFO - epoch: 38 start, learning rate: 1e-05
2023-10-05 20:55:18,786 - INFO - epoch: 38 end, loss: 2.1657268908006206
2023-10-05 20:55:47,067 - INFO - epoch: 38 validation, acc: 0.6014876869215923, loss: 2.1533369740644157
2023-10-05 20:55:47,068 - INFO - epoch: 38 model saved
2023-10-05 20:55:47,068 - INFO - epoch: 39 start, learning rate: 1e-05
2023-10-05 20:58:46,913 - INFO - epoch: 39 end, loss: 2.1657268908006206
2023-10-05 20:59:13,960 - INFO - epoch: 39 validation, acc: 0.6014876869215913, loss: 2.1533369740644157
2023-10-05 20:59:13,961 - INFO - epoch: 39 model saved
2023-10-05 20:59:13,961 - INFO - epoch: 40 start, learning rate: 1e-05
2023-10-05 21:02:07,855 - INFO - epoch: 40 end, loss: 2.1657268908006206
2023-10-05 21:02:34,951 - INFO - epoch: 40 validation, acc: 0.601487686921591, loss: 2.1533369740644157
2023-10-05 21:02:34,952 - INFO - epoch: 40 model saved
2023-10-05 21:02:34,952 - INFO - epoch: 41 start, learning rate: 1e-05
2023-10-05 21:05:35,938 - INFO - epoch: 41 end, loss: 2.1657268908107516
2023-10-05 21:06:02,875 - INFO - epoch: 41 validation, acc: 0.6014876869215916, loss: 2.1533369740644157
2023-10-05 21:06:02,876 - INFO - epoch: 41 model saved
2023-10-05 21:06:02,876 - INFO - epoch: 42 start, learning rate: 1e-05
2023-10-05 21:08:58,575 - INFO - epoch: 42 end, loss: 2.1657268908006206
2023-10-05 21:09:26,023 - INFO - epoch: 42 validation, acc: 0.6014876869215925, loss: 2.1533369740644157
2023-10-05 21:09:26,024 - INFO - epoch: 42 model saved
2023-10-05 21:09:26,024 - INFO - epoch: 43 start, learning rate: 1e-05
2023-10-05 21:12:21,655 - INFO - epoch: 43 end, loss: 2.1657268908006206
2023-10-05 21:12:49,945 - INFO - epoch: 43 validation, acc: 0.6014876869215913, loss: 2.1533369740644157
2023-10-05 21:12:49,946 - INFO - epoch: 43 model saved
2023-10-05 21:12:49,946 - INFO - epoch: 44 start, learning rate: 1e-05
2023-10-05 21:15:46,939 - INFO - epoch: 44 end, loss: 2.1657268908006206
2023-10-05 21:16:13,903 - INFO - epoch: 44 validation, acc: 0.6014876869215917, loss: 2.1533369740644157
2023-10-05 21:16:13,904 - INFO - epoch: 44 model saved
2023-10-05 21:16:13,904 - INFO - epoch: 45 start, learning rate: 1.0000000000000002e-06
2023-10-05 21:19:13,425 - INFO - epoch: 45 end, loss: 2.1657268908006206
2023-10-05 21:19:41,852 - INFO - epoch: 45 validation, acc: 0.6014876869215919, loss: 2.1533369740644157
2023-10-05 21:19:41,853 - INFO - epoch: 45 model saved
2023-10-05 21:19:41,853 - INFO - epoch: 46 start, learning rate: 1.0000000000000002e-06
2023-10-05 21:22:39,558 - INFO - epoch: 46 end, loss: 2.1657268908006206
2023-10-05 21:23:07,358 - INFO - epoch: 46 validation, acc: 0.6014876869215909, loss: 2.1533369740644157
2023-10-05 21:23:07,359 - INFO - epoch: 46 model saved
2023-10-05 21:23:07,359 - INFO - epoch: 47 start, learning rate: 1.0000000000000002e-06
2023-10-05 21:26:05,226 - INFO - epoch: 47 end, loss: 2.165726890820882
2023-10-05 21:26:32,926 - INFO - epoch: 47 validation, acc: 0.6014876869215912, loss: 2.1533369740644157
2023-10-05 21:26:32,926 - INFO - epoch: 47 model saved
2023-10-05 21:26:32,926 - INFO - epoch: 48 start, learning rate: 1.0000000000000002e-06
2023-10-05 21:29:31,510 - INFO - epoch: 48 end, loss: 2.1657268908006206
2023-10-05 21:29:59,966 - INFO - epoch: 48 validation, acc: 0.6014876869215913, loss: 2.1533369740644157
2023-10-05 21:29:59,966 - INFO - epoch: 48 model saved
2023-10-05 21:29:59,966 - INFO - epoch: 49 start, learning rate: 1.0000000000000002e-06
2023-10-05 21:32:51,293 - INFO - epoch: 49 end, loss: 2.1657268908006206
2023-10-05 21:33:19,799 - INFO - epoch: 49 validation, acc: 0.6014876869215909, loss: 2.1533369740644157
2023-10-05 21:33:19,800 - INFO - epoch: 49 model saved
2023-10-05 21:33:19,800 - INFO - epoch: 50 start, learning rate: 1.0000000000000002e-06
2023-10-05 21:36:20,478 - INFO - epoch: 50 end, loss: 2.1657268908006206
2023-10-05 21:36:47,808 - INFO - epoch: 50 validation, acc: 0.601487686921592, loss: 2.1533369740644157
2023-10-05 21:36:47,809 - INFO - epoch: 50 model saved
2023-10-05 21:36:47,809 - INFO - epoch: 51 start, learning rate: 1.0000000000000002e-06
2023-10-05 21:39:41,197 - INFO - epoch: 51 end, loss: 2.1657268908006206
2023-10-05 21:40:07,629 - INFO - epoch: 51 validation, acc: 0.6014876869215919, loss: 2.1533369740644157
2023-10-05 21:40:07,630 - INFO - epoch: 51 model saved
2023-10-05 21:40:07,630 - INFO - epoch: 52 start, learning rate: 1.0000000000000002e-06
2023-10-05 21:43:05,496 - INFO - epoch: 52 end, loss: 2.1657268908006206
2023-10-05 21:43:34,589 - INFO - epoch: 52 validation, acc: 0.6014876869215916, loss: 2.1533369740644157
2023-10-05 21:43:34,590 - INFO - epoch: 52 model saved
2023-10-05 21:43:34,590 - INFO - epoch: 53 start, learning rate: 1.0000000000000002e-06
2023-10-05 21:46:32,786 - INFO - epoch: 53 end, loss: 2.1657268908006206
2023-10-05 21:46:59,919 - INFO - epoch: 53 validation, acc: 0.6014876869215915, loss: 2.1533369740644157
2023-10-05 21:46:59,920 - INFO - epoch: 53 model saved
2023-10-05 21:46:59,920 - INFO - epoch: 54 start, learning rate: 1.0000000000000002e-06
2023-10-05 21:49:55,864 - INFO - epoch: 54 end, loss: 2.1657268908006206
2023-10-05 21:50:22,446 - INFO - epoch: 54 validation, acc: 0.6014876869215913, loss: 2.1533369740644157
2023-10-05 21:50:22,446 - INFO - epoch: 54 model saved
2023-10-05 21:50:22,446 - INFO - epoch: 55 start, learning rate: 1.0000000000000002e-06
2023-10-05 21:53:17,271 - INFO - epoch: 55 end, loss: 2.1657268908006206
2023-10-05 21:53:46,592 - INFO - epoch: 55 validation, acc: 0.6014876869215913, loss: 2.1533369740644157
2023-10-05 21:53:46,593 - INFO - epoch: 55 model saved
2023-10-05 21:53:46,593 - INFO - epoch: 56 start, learning rate: 1.0000000000000002e-07
2023-10-05 21:56:45,726 - INFO - epoch: 56 end, loss: 2.1657268908006206
2023-10-05 21:57:16,675 - INFO - epoch: 56 validation, acc: 0.6014876869215923, loss: 2.1533369740644157
2023-10-05 21:57:16,676 - INFO - epoch: 56 model saved
2023-10-05 21:57:16,676 - INFO - epoch: 57 start, learning rate: 1.0000000000000002e-07
2023-10-05 22:00:13,265 - INFO - epoch: 57 end, loss: 2.1657268908006206
2023-10-05 22:00:42,551 - INFO - epoch: 57 validation, acc: 0.6014876869215913, loss: 2.1533369740644157
2023-10-05 22:00:42,552 - INFO - epoch: 57 model saved
2023-10-05 22:00:42,552 - INFO - epoch: 58 start, learning rate: 1.0000000000000002e-07
2023-10-05 22:03:40,760 - INFO - epoch: 58 end, loss: 2.1657268908006206
2023-10-05 22:04:07,755 - INFO - epoch: 58 validation, acc: 0.6014876869215928, loss: 2.1533369740644157
2023-10-05 22:04:07,756 - INFO - epoch: 58 model saved
2023-10-05 22:04:07,756 - INFO - epoch: 59 start, learning rate: 1.0000000000000002e-07
2023-10-05 22:07:04,829 - INFO - epoch: 59 end, loss: 2.1657268908006206
2023-10-05 22:07:33,348 - INFO - epoch: 59 validation, acc: 0.6014876869215912, loss: 2.1533369740644157
2023-10-05 22:07:33,350 - INFO - epoch: 59 model saved
2023-10-05 22:07:33,350 - INFO - epoch: 60 start, learning rate: 1.0000000000000002e-07
2023-10-05 22:10:32,298 - INFO - epoch: 60 end, loss: 2.1657268908006206
2023-10-05 22:10:59,841 - INFO - epoch: 60 validation, acc: 0.6014876869215923, loss: 2.1533369740644157
2023-10-05 22:10:59,841 - INFO - epoch: 60 model saved
2023-10-05 22:10:59,842 - INFO - epoch: 61 start, learning rate: 1.0000000000000002e-07
2023-10-05 22:13:53,180 - INFO - epoch: 61 end, loss: 2.1657268908006206
2023-10-05 22:14:20,496 - INFO - epoch: 61 validation, acc: 0.6014876869215922, loss: 2.1533369740644157
2023-10-05 22:14:20,497 - INFO - epoch: 61 model saved
2023-10-05 22:14:20,498 - INFO - epoch: 62 start, learning rate: 1.0000000000000002e-07
2023-10-05 22:17:19,470 - INFO - epoch: 62 end, loss: 2.1657268908006206
2023-10-05 22:17:46,720 - INFO - epoch: 62 validation, acc: 0.6014876869215913, loss: 2.1533369740644157
2023-10-05 22:17:46,721 - INFO - epoch: 62 model saved
2023-10-05 22:17:46,721 - INFO - epoch: 63 start, learning rate: 1.0000000000000002e-07
2023-10-05 22:20:43,077 - INFO - epoch: 63 end, loss: 2.1657268908006206
2023-10-05 22:21:11,340 - INFO - epoch: 63 validation, acc: 0.6014876869215918, loss: 2.1533369740644157
2023-10-05 22:21:11,341 - INFO - epoch: 63 model saved
2023-10-05 22:21:11,341 - INFO - epoch: 64 start, learning rate: 1.0000000000000002e-07
2023-10-05 22:24:06,459 - INFO - epoch: 64 end, loss: 2.1657268908107516
2023-10-05 22:24:33,982 - INFO - epoch: 64 validation, acc: 0.6014876869215926, loss: 2.1533369740644157
2023-10-05 22:24:33,983 - INFO - epoch: 64 model saved
2023-10-05 22:24:33,983 - INFO - epoch: 65 start, learning rate: 1.0000000000000002e-07
2023-10-05 22:27:33,540 - INFO - epoch: 65 end, loss: 2.1657268908006206
2023-10-05 22:28:00,956 - INFO - epoch: 65 validation, acc: 0.6014876869215926, loss: 2.1533369740644157
2023-10-05 22:28:00,957 - INFO - epoch: 65 model saved
2023-10-05 22:28:00,957 - INFO - epoch: 66 start, learning rate: 1.0000000000000002e-07
2023-10-05 22:30:56,693 - INFO - epoch: 66 end, loss: 2.1657268908006206
2023-10-05 22:31:24,160 - INFO - epoch: 66 validation, acc: 0.6014876869215922, loss: 2.1533369740644157
2023-10-05 22:31:24,161 - INFO - epoch: 66 model saved
2023-10-05 22:31:24,161 - INFO - epoch: 67 start, learning rate: 1.0000000000000004e-08
2023-10-05 22:34:16,866 - INFO - epoch: 67 end, loss: 2.165726890820882
2023-10-05 22:34:44,846 - INFO - epoch: 67 validation, acc: 0.6014876869215909, loss: 2.1533369740644157
2023-10-05 22:34:44,847 - INFO - epoch: 67 model saved
2023-10-05 22:34:44,847 - INFO - epoch: 68 start, learning rate: 1.0000000000000004e-08
2023-10-05 22:37:39,231 - INFO - epoch: 68 end, loss: 2.1657268908006206
2023-10-05 22:38:06,978 - INFO - epoch: 68 validation, acc: 0.6014876869215904, loss: 2.1533369740644157
2023-10-05 22:38:06,978 - INFO - epoch: 68 model saved
2023-10-05 22:38:06,979 - INFO - epoch: 69 start, learning rate: 1.0000000000000004e-08
2023-10-05 22:41:00,143 - INFO - epoch: 69 end, loss: 2.1657268908006206
2023-10-05 22:41:27,783 - INFO - epoch: 69 validation, acc: 0.6014876869215914, loss: 2.1533369740644157
2023-10-05 22:41:27,784 - INFO - epoch: 69 model saved
2023-10-05 22:41:27,784 - INFO - epoch: 70 start, learning rate: 1.0000000000000004e-08
2023-10-05 22:44:25,300 - INFO - epoch: 70 end, loss: 2.1657268908006206
2023-10-05 22:44:53,201 - INFO - epoch: 70 validation, acc: 0.6014876869215924, loss: 2.1533369740644157
2023-10-05 22:44:53,202 - INFO - epoch: 70 model saved
2023-10-05 22:44:53,202 - INFO - epoch: 71 start, learning rate: 1.0000000000000004e-08
2023-10-05 22:47:47,120 - INFO - epoch: 71 end, loss: 2.1657268908006206
2023-10-05 22:48:13,802 - INFO - epoch: 71 validation, acc: 0.6014876869215925, loss: 2.1533369740644157
2023-10-05 22:48:13,803 - INFO - epoch: 71 model saved
2023-10-05 22:48:13,803 - INFO - epoch: 72 start, learning rate: 1.0000000000000004e-08
2023-10-05 22:51:09,939 - INFO - epoch: 72 end, loss: 2.1657268908006206
2023-10-05 22:51:37,793 - INFO - epoch: 72 validation, acc: 0.6014876869215923, loss: 2.1533369740644157
2023-10-05 22:51:37,794 - INFO - epoch: 72 model saved
2023-10-05 22:51:37,794 - INFO - epoch: 73 start, learning rate: 1.0000000000000004e-08
2023-10-05 22:54:37,114 - INFO - epoch: 73 end, loss: 2.1657268908006206
2023-10-05 22:55:06,242 - INFO - epoch: 73 validation, acc: 0.6014876869215922, loss: 2.1533369740644157
2023-10-05 22:55:06,242 - INFO - epoch: 73 model saved
2023-10-05 22:55:06,243 - INFO - epoch: 74 start, learning rate: 1.0000000000000004e-08
2023-10-05 22:58:03,748 - INFO - epoch: 74 end, loss: 2.1657268908006206
2023-10-05 22:58:31,730 - INFO - epoch: 74 validation, acc: 0.6014876869215913, loss: 2.1533369740644157
2023-10-05 22:58:31,731 - INFO - epoch: 74 model saved
2023-10-05 22:58:31,731 - INFO - epoch: 75 start, learning rate: 1.0000000000000004e-08
2023-10-05 23:01:30,672 - INFO - epoch: 75 end, loss: 2.1657268908006206
2023-10-05 23:01:57,336 - INFO - epoch: 75 validation, acc: 0.6014876869215916, loss: 2.1533369740644157
2023-10-05 23:01:57,337 - INFO - epoch: 75 model saved
2023-10-05 23:01:57,337 - INFO - epoch: 76 start, learning rate: 1.0000000000000004e-08
2023-10-05 23:04:49,080 - INFO - epoch: 76 end, loss: 2.1657268908107516
2023-10-05 23:05:16,536 - INFO - epoch: 76 validation, acc: 0.6014876869215927, loss: 2.1533369740644157
2023-10-05 23:05:16,537 - INFO - epoch: 76 model saved
2023-10-05 23:05:16,537 - INFO - epoch: 77 start, learning rate: 1.0000000000000004e-08
2023-10-05 23:08:15,785 - INFO - epoch: 77 end, loss: 2.1657268908006206
2023-10-05 23:08:43,277 - INFO - epoch: 77 validation, acc: 0.6014876869215922, loss: 2.1533369740644157
2023-10-05 23:08:43,277 - INFO - epoch: 77 model saved
2023-10-05 23:08:43,277 - INFO - epoch: 78 start, learning rate: 1.0000000000000004e-08
2023-10-05 23:11:42,095 - INFO - epoch: 78 end, loss: 2.1657268908006206
2023-10-05 23:12:09,539 - INFO - epoch: 78 validation, acc: 0.6014876869215914, loss: 2.1533369740644157
2023-10-05 23:12:09,539 - INFO - epoch: 78 model saved
2023-10-05 23:12:09,540 - INFO - epoch: 79 start, learning rate: 1.0000000000000004e-08
2023-10-05 23:15:05,920 - INFO - epoch: 79 end, loss: 2.1657268908006206
2023-10-05 23:15:33,969 - INFO - epoch: 79 validation, acc: 0.6014876869215925, loss: 2.1533369740644157
2023-10-05 23:15:33,970 - INFO - epoch: 79 model saved
2023-10-05 23:15:33,970 - INFO - epoch: 80 start, learning rate: 1.0000000000000004e-08
2023-10-05 23:18:32,843 - INFO - epoch: 80 end, loss: 2.1657268908006206
2023-10-05 23:19:00,716 - INFO - epoch: 80 validation, acc: 0.6014876869215913, loss: 2.1533369740644157
2023-10-05 23:19:00,717 - INFO - epoch: 80 model saved
2023-10-05 23:19:00,717 - INFO - epoch: 81 start, learning rate: 1.0000000000000004e-08
2023-10-05 23:21:52,071 - INFO - epoch: 81 end, loss: 2.1657268908006206
2023-10-05 23:22:20,909 - INFO - epoch: 81 validation, acc: 0.6014876869215912, loss: 2.1533369740644157
2023-10-05 23:22:20,910 - INFO - epoch: 81 model saved
2023-10-05 23:22:20,910 - INFO - epoch: 82 start, learning rate: 1.0000000000000004e-08
2023-10-05 23:25:20,139 - INFO - epoch: 82 end, loss: 2.1657268908006206
2023-10-05 23:25:47,862 - INFO - epoch: 82 validation, acc: 0.6014876869215923, loss: 2.1533369740644157
2023-10-05 23:25:47,863 - INFO - epoch: 82 model saved
2023-10-05 23:25:47,863 - INFO - epoch: 83 start, learning rate: 1.0000000000000004e-08
2023-10-05 23:28:42,067 - INFO - epoch: 83 end, loss: 2.1657268908006206
2023-10-05 23:29:09,229 - INFO - epoch: 83 validation, acc: 0.6014876869215923, loss: 2.1533369740644157
2023-10-05 23:29:09,230 - INFO - epoch: 83 model saved
2023-10-05 23:29:09,230 - INFO - epoch: 84 start, learning rate: 1.0000000000000004e-08
2023-10-05 23:32:04,357 - INFO - epoch: 84 end, loss: 2.1657268908006206
2023-10-05 23:32:30,919 - INFO - epoch: 84 validation, acc: 0.6014876869215919, loss: 2.1533369740644157
2023-10-05 23:32:30,919 - INFO - epoch: 84 model saved
2023-10-05 23:32:30,920 - INFO - epoch: 85 start, learning rate: 1.0000000000000004e-08
2023-10-05 23:35:26,717 - INFO - epoch: 85 end, loss: 2.1657268908006206
2023-10-05 23:35:53,751 - INFO - epoch: 85 validation, acc: 0.601487686921592, loss: 2.1533369740644157
2023-10-05 23:35:53,751 - INFO - epoch: 85 model saved
2023-10-05 23:35:53,751 - INFO - epoch: 86 start, learning rate: 1.0000000000000004e-08
2023-10-05 23:38:49,354 - INFO - epoch: 86 end, loss: 2.1657268908006206
2023-10-05 23:39:17,574 - INFO - epoch: 86 validation, acc: 0.6014876869215923, loss: 2.1533369740644157
2023-10-05 23:39:17,574 - INFO - epoch: 86 model saved
2023-10-05 23:39:17,574 - INFO - epoch: 87 start, learning rate: 1.0000000000000004e-08
2023-10-05 23:42:13,497 - INFO - epoch: 87 end, loss: 2.1657268908006206
2023-10-05 23:42:40,760 - INFO - epoch: 87 validation, acc: 0.6014876869215915, loss: 2.1533369740644157
2023-10-05 23:42:40,761 - INFO - epoch: 87 model saved
2023-10-05 23:42:40,761 - INFO - epoch: 88 start, learning rate: 1.0000000000000004e-08
2023-10-05 23:45:40,258 - INFO - epoch: 88 end, loss: 2.1657268908006206
2023-10-05 23:46:09,193 - INFO - epoch: 88 validation, acc: 0.6014876869215922, loss: 2.1533369740644157
2023-10-05 23:46:09,194 - INFO - epoch: 88 model saved
2023-10-05 23:46:09,194 - INFO - epoch: 89 start, learning rate: 1.0000000000000004e-08
2023-10-05 23:49:08,793 - INFO - epoch: 89 end, loss: 2.1657268908006206
2023-10-05 23:49:36,387 - INFO - epoch: 89 validation, acc: 0.6014876869215923, loss: 2.1533369740644157
2023-10-05 23:49:36,388 - INFO - epoch: 89 model saved
2023-10-05 23:49:36,388 - INFO - epoch: 90 start, learning rate: 1.0000000000000004e-08
2023-10-05 23:52:32,745 - INFO - epoch: 90 end, loss: 2.1657268908006206
2023-10-05 23:52:58,983 - INFO - epoch: 90 validation, acc: 0.6014876869215915, loss: 2.1533369740644157
2023-10-05 23:52:58,984 - INFO - epoch: 90 model saved
2023-10-05 23:52:58,984 - INFO - epoch: 91 start, learning rate: 1.0000000000000004e-08
2023-10-05 23:55:55,342 - INFO - epoch: 91 end, loss: 2.1657268908006206
2023-10-05 23:56:23,821 - INFO - epoch: 91 validation, acc: 0.601487686921591, loss: 2.1533369740644157
2023-10-05 23:56:23,822 - INFO - epoch: 91 model saved
2023-10-05 23:56:23,822 - INFO - epoch: 92 start, learning rate: 1.0000000000000004e-08
2023-10-05 23:59:18,918 - INFO - epoch: 92 end, loss: 2.165726890820882
2023-10-05 23:59:46,615 - INFO - epoch: 92 validation, acc: 0.6014876869215918, loss: 2.1533369740644157
2023-10-05 23:59:46,615 - INFO - epoch: 92 model saved
2023-10-05 23:59:46,616 - INFO - epoch: 93 start, learning rate: 1.0000000000000004e-08
2023-10-06 00:02:39,131 - INFO - epoch: 93 end, loss: 2.1657268908006206
2023-10-06 00:03:05,838 - INFO - epoch: 93 validation, acc: 0.6014876869215907, loss: 2.1533369740644157
2023-10-06 00:03:05,839 - INFO - epoch: 93 model saved
2023-10-06 00:03:05,839 - INFO - epoch: 94 start, learning rate: 1.0000000000000004e-08
2023-10-06 00:06:01,069 - INFO - epoch: 94 end, loss: 2.1657268908006206
2023-10-06 00:06:29,434 - INFO - epoch: 94 validation, acc: 0.6014876869215922, loss: 2.1533369740644157
2023-10-06 00:06:29,435 - INFO - epoch: 94 model saved
2023-10-06 00:06:29,435 - INFO - epoch: 95 start, learning rate: 1.0000000000000004e-08
2023-10-06 00:09:24,919 - INFO - epoch: 95 end, loss: 2.1657268908006206
2023-10-06 00:09:51,668 - INFO - epoch: 95 validation, acc: 0.6014876869215909, loss: 2.1533369740644157
2023-10-06 00:09:51,669 - INFO - epoch: 95 model saved
2023-10-06 00:09:51,669 - INFO - epoch: 96 start, learning rate: 1.0000000000000004e-08
2023-10-06 00:12:46,640 - INFO - epoch: 96 end, loss: 2.1657268908006206
2023-10-06 00:13:12,828 - INFO - epoch: 96 validation, acc: 0.6014876869215913, loss: 2.1533369740644157
2023-10-06 00:13:12,829 - INFO - epoch: 96 model saved
2023-10-06 00:13:12,829 - INFO - epoch: 97 start, learning rate: 1.0000000000000004e-08
2023-10-06 00:15:54,180 - INFO - epoch: 97 end, loss: 2.1657268908006206
2023-10-06 00:16:17,017 - INFO - epoch: 97 validation, acc: 0.6014876869215916, loss: 2.1533369740644157
2023-10-06 00:16:17,017 - INFO - epoch: 97 model saved
2023-10-06 00:16:17,017 - INFO - epoch: 98 start, learning rate: 1.0000000000000004e-08
2023-10-06 00:18:43,386 - INFO - epoch: 98 end, loss: 2.1657268908006206
2023-10-06 00:19:08,404 - INFO - epoch: 98 validation, acc: 0.6014876869215922, loss: 2.1533369740644157
2023-10-06 00:19:08,404 - INFO - epoch: 98 model saved
2023-10-06 00:19:08,404 - INFO - epoch: 99 start, learning rate: 1.0000000000000004e-08
2023-10-06 00:21:53,558 - INFO - epoch: 99 end, loss: 2.1657268908006206
2023-10-06 00:22:18,371 - INFO - epoch: 99 validation, acc: 0.6014876869215917, loss: 2.1533369740644157
2023-10-06 00:22:18,372 - INFO - epoch: 99 model saved
2023-10-06 18:43:39,473 - INFO - ----------10_06_18_43_39---------------
2023-10-06 18:43:39,473 - INFO - ----------start training---------------
2023-10-06 18:43:39,473 - INFO - feature number: 5
2023-10-06 18:43:39,473 - INFO - feature type: FG_EMB
2023-10-06 18:43:39,473 - INFO - filter type: los
2023-10-06 18:43:39,473 - INFO - epoches number: 100
2023-10-06 18:43:39,474 - INFO - initial learning rate: 0.01
2023-10-06 18:43:39,474 - INFO - epoch: 0 start, learning rate: 0.01
